<?xml version="1.0" encoding="UTF-8"?>
<!-- Generated by org.testng.reporters.JUnitXMLReporter -->
<testsuite hostname="DIMPC" name="Default test" tests="5" failures="0" timestamp="1 Sep 2016 16:41:51 GMT" time="3.039" errors="0">
  <testcase name="deleteGroupTest" time="0.27" classname="lesson11.SqlGroupDaoTest"/>
  <testcase name="insertGroupTest" time="0.34" classname="lesson11.SqlGroupDaoTest"/>
  <testcase name="selectAllGroupsTest" time="0.01" classname="lesson11.SqlGroupDaoTest"/>
  <testcase name="selectGroupTest" time="0.0" classname="lesson11.SqlGroupDaoTest"/>
  <testcase name="updateGroupTest" time="0.04" classname="lesson11.SqlGroupDaoTest"/>
</testsuite> <!-- Default test -->
