<?xml version="1.0" encoding="UTF-8" ?>
<testsuite tests="10" failures="0" name="lesson11.SqlGroupDaoTest"
	time="0.1" errors="10" skipped="0">
	<properties>
		<property name="java.runtime.name" value="Java(TM) SE Runtime Environment" />
		<property name="sun.boot.library.path" value="C:\Program Files\Java\jdk1.8.0_91\jre\bin" />
		<property name="java.vm.version" value="25.91-b14" />
		<property name="user.country.format" value="RU" />
		<property name="java.vm.vendor" value="Oracle Corporation" />
		<property name="maven.multiModuleProjectDirectory" value="C:\Users\Acer\Desktop\work\lesson11" />
		<property name="java.vendor.url" value="http://java.oracle.com/" />
		<property name="path.separator" value=";" />
		<property name="guice.disable.misplaced.annotation.check"
			value="true" />
		<property name="java.vm.name" value="Java HotSpot(TM) 64-Bit Server VM" />
		<property name="file.encoding.pkg" value="sun.io" />
		<property name="user.script" value="" />
		<property name="user.country" value="US" />
		<property name="sun.java.launcher" value="SUN_STANDARD" />
		<property name="sun.os.patch.level" value="Service Pack 1" />
		<property name="java.vm.specification.name" value="Java Virtual Machine Specification" />
		<property name="user.dir" value="C:\Users\Acer\Desktop\work\lesson11" />
		<property name="java.runtime.version" value="1.8.0_91-b14" />
		<property name="java.awt.graphicsenv" value="sun.awt.Win32GraphicsEnvironment" />
		<property name="java.endorsed.dirs"
			value="C:\Program Files\Java\jdk1.8.0_91\jre\lib\endorsed" />
		<property name="os.arch" value="amd64" />
		<property name="java.io.tmpdir" value="C:\Users\Acer\AppData\Local\Temp\" />
		<property name="line.separator" value="
" />
		<property name="java.vm.specification.vendor" value="Oracle Corporation" />
		<property name="user.variant" value="" />
		<property name="os.name" value="Windows 7" />
		<property name="classworlds.conf"
			value="C:\Users\Acer\Desktop\work\.metadata\.plugins\org.eclipse.m2e.launching\launches\m2conf5217039952122532832.tmp" />
		<property name="sun.jnu.encoding" value="Cp1251" />
		<property name="java.library.path"
			value="C:\Program Files\Java\jdk1.8.0_91\bin;C:\Windows\Sun\Java\bin;C:\Windows\system32;C:\Windows;C:/Program Files/Java/jre1.8.0_101/bin/server;C:/Program Files/Java/jre1.8.0_101/bin;C:/Program Files/Java/jre1.8.0_101/lib/amd64;C:\ProgramData\Oracle\Java\javapath;C:\Program Files\Broadcom\Broadcom 802.11 Network Adapter\Driver;C:\Program Files\Common Files\Microsoft Shared\Windows Live;C:\Program Files (x86)\Common Files\Microsoft Shared\Windows Live;C:\Windows\system32;C:\Windows;C:\Windows\System32\Wbem;C:\Windows\System32\WindowsPowerShell\v1.0\;C:\Program Files (x86)\Windows Live\Shared;C:\Program Files\Broadcom\Broadcom 802.11\Driver;C:\Program Files (x86)\QuickTime\QTSystem\;C:\Program Files\OpenVPN\bin;C:\Program Files (x86)\Skype\Phone\;C:\Program Files (x86)\Common Files\Acronis\SnapAPI\;C:\Program Files\nodejs\;C:\Program Files (x86)\Avest\AvPCM;C:\Users\Acer\AppData\Roaming\npm;C:\Program Files\Java\jdk1.8.0_91\bin\;C:\Program Files\Java\maven\bin\;C:\Users\Acer\Desktop;;." />
		<property name="java.specification.name" value="Java Platform API Specification" />
		<property name="java.class.version" value="52.0" />
		<property name="sun.management.compiler" value="HotSpot 64-Bit Tiered Compilers" />
		<property name="os.version" value="6.1" />
		<property name="user.home" value="C:\Users\Acer" />
		<property name="user.timezone" value="Europe/Kaliningrad" />
		<property name="java.awt.printerjob" value="sun.awt.windows.WPrinterJob" />
		<property name="java.specification.version" value="1.8" />
		<property name="file.encoding" value="UTF-8" />
		<property name="user.name" value="Acer" />
		<property name="java.class.path"
			value="/C:/Users/Acer/eclipse/jee-neon/eclipse/../../../.p2/pool/plugins/org.eclipse.m2e.maven.runtime_1.7.0.20160603-1931/jars/plexus-classworlds-2.5.2.jar" />
		<property name="java.vm.specification.version" value="1.8" />
		<property name="sun.arch.data.model" value="64" />
		<property name="java.home" value="C:\Program Files\Java\jdk1.8.0_91\jre" />
		<property name="sun.java.command"
			value="org.codehaus.plexus.classworlds.launcher.Launcher -B test" />
		<property name="java.specification.vendor" value="Oracle Corporation" />
		<property name="user.language" value="en" />
		<property name="user.language.format" value="ru" />
		<property name="awt.toolkit" value="sun.awt.windows.WToolkit" />
		<property name="java.vm.info" value="mixed mode" />
		<property name="java.version" value="1.8.0_91" />
		<property name="java.ext.dirs"
			value="C:\Program Files\Java\jdk1.8.0_91\jre\lib\ext;C:\Windows\Sun\Java\lib\ext" />
		<property name="sun.boot.class.path"
			value="C:\Program Files\Java\jdk1.8.0_91\jre\lib\resources.jar;C:\Program Files\Java\jdk1.8.0_91\jre\lib\rt.jar;C:\Program Files\Java\jdk1.8.0_91\jre\lib\sunrsasign.jar;C:\Program Files\Java\jdk1.8.0_91\jre\lib\jsse.jar;C:\Program Files\Java\jdk1.8.0_91\jre\lib\jce.jar;C:\Program Files\Java\jdk1.8.0_91\jre\lib\charsets.jar;C:\Program Files\Java\jdk1.8.0_91\jre\lib\jfr.jar;C:\Program Files\Java\jdk1.8.0_91\jre\classes" />
		<property name="java.vendor" value="Oracle Corporation" />
		<property name="maven.home" value="C:\Users\Acer\Desktop\work\lesson11\EMBEDDED" />
		<property name="file.separator" value="\" />
		<property name="java.vendor.url.bug" value="http://bugreport.sun.com/bugreport/" />
		<property name="sun.cpu.endian" value="little" />
		<property name="sun.io.unicode.encoding" value="UnicodeLittle" />
		<property name="sun.desktop" value="windows" />
		<property name="sun.cpu.isalist" value="amd64" />
	</properties>
	<testcase classname="lesson11.SqlGroupDaoTest" name="selectGroupTest"
		time="0.033">
		<error type="dao.DAOException">dao.DAOException
			at sql.SqlGroupDao.&lt;init&gt;(SqlGroupDao.java:43)
			at lesson11.SqlGroupDaoTest.setUp(SqlGroupDaoTest.java:20)
			at sun.reflect.NativeMethodAccessorImpl.invoke0(Native Method)
			at
			sun.reflect.NativeMethodAccessorImpl.invoke(NativeMethodAccessorImpl.java:62)
			at
			sun.reflect.DelegatingMethodAccessorImpl.invoke(DelegatingMethodAccessorImpl.java:43)
			at java.lang.reflect.Method.invoke(Method.java:498)
			at
			org.junit.runners.model.FrameworkMethod$1.runReflectiveCall(FrameworkMethod.java:50)
			at
			org.junit.internal.runners.model.ReflectiveCallable.run(ReflectiveCallable.java:12)
			at
			org.junit.runners.model.FrameworkMethod.invokeExplosively(FrameworkMethod.java:47)
			at
			org.junit.internal.runners.statements.RunBefores.evaluate(RunBefores.java:24)
			at
			org.junit.internal.runners.statements.RunAfters.evaluate(RunAfters.java:27)
			at org.junit.runners.ParentRunner.runLeaf(ParentRunner.java:325)
			at
			org.junit.runners.BlockJUnit4ClassRunner.runChild(BlockJUnit4ClassRunner.java:78)
			at
			org.junit.runners.BlockJUnit4ClassRunner.runChild(BlockJUnit4ClassRunner.java:57)
			at org.junit.runners.ParentRunner$3.run(ParentRunner.java:290)
			at org.junit.runners.ParentRunner$1.schedule(ParentRunner.java:71)
			at org.junit.runners.ParentRunner.runChildren(ParentRunner.java:288)
			at org.junit.runners.ParentRunner.access$000(ParentRunner.java:58)
			at org.junit.runners.ParentRunner$2.evaluate(ParentRunner.java:268)
			at org.junit.runners.ParentRunner.run(ParentRunner.java:363)
			at
			org.apache.maven.surefire.junit4.JUnit4Provider.execute(JUnit4Provider.java:252)
			at
			org.apache.maven.surefire.junit4.JUnit4Provider.executeTestSet(JUnit4Provider.java:141)
			at
			org.apache.maven.surefire.junit4.JUnit4Provider.invoke(JUnit4Provider.java:112)
			at sun.reflect.NativeMethodAccessorImpl.invoke0(Native Method)
			at
			sun.reflect.NativeMethodAccessorImpl.invoke(NativeMethodAccessorImpl.java:62)
			at
			sun.reflect.DelegatingMethodAccessorImpl.invoke(DelegatingMethodAccessorImpl.java:43)
			at java.lang.reflect.Method.invoke(Method.java:498)
			at
			org.apache.maven.surefire.util.ReflectionUtils.invokeMethodWithArray(ReflectionUtils.java:189)
			at
			org.apache.maven.surefire.booter.ProviderFactory$ProviderProxy.invoke(ProviderFactory.java:165)
			at
			org.apache.maven.surefire.booter.ProviderFactory.invokeProvider(ProviderFactory.java:85)
			at
			org.apache.maven.surefire.booter.ForkedBooter.runSuitesInProcess(ForkedBooter.java:115)
			at
			org.apache.maven.surefire.booter.ForkedBooter.main(ForkedBooter.java:75)
		</error>
	</testcase>
	<testcase classname="lesson11.SqlGroupDaoTest" name="selectGroupTest"
		time="0.034">
		<error type="java.lang.NullPointerException">java.lang.NullPointerException
			at lesson11.SqlGroupDaoTest.tearDown(SqlGroupDaoTest.java:25)
			at sun.reflect.NativeMethodAccessorImpl.invoke0(Native Method)
			at
			sun.reflect.NativeMethodAccessorImpl.invoke(NativeMethodAccessorImpl.java:62)
			at
			sun.reflect.DelegatingMethodAccessorImpl.invoke(DelegatingMethodAccessorImpl.java:43)
			at java.lang.reflect.Method.invoke(Method.java:498)
			at
			org.junit.runners.model.FrameworkMethod$1.runReflectiveCall(FrameworkMethod.java:50)
			at
			org.junit.internal.runners.model.ReflectiveCallable.run(ReflectiveCallable.java:12)
			at
			org.junit.runners.model.FrameworkMethod.invokeExplosively(FrameworkMethod.java:47)
			at
			org.junit.internal.runners.statements.RunAfters.evaluate(RunAfters.java:33)
			at org.junit.runners.ParentRunner.runLeaf(ParentRunner.java:325)
			at
			org.junit.runners.BlockJUnit4ClassRunner.runChild(BlockJUnit4ClassRunner.java:78)
			at
			org.junit.runners.BlockJUnit4ClassRunner.runChild(BlockJUnit4ClassRunner.java:57)
			at org.junit.runners.ParentRunner$3.run(ParentRunner.java:290)
			at org.junit.runners.ParentRunner$1.schedule(ParentRunner.java:71)
			at org.junit.runners.ParentRunner.runChildren(ParentRunner.java:288)
			at org.junit.runners.ParentRunner.access$000(ParentRunner.java:58)
			at org.junit.runners.ParentRunner$2.evaluate(ParentRunner.java:268)
			at org.junit.runners.ParentRunner.run(ParentRunner.java:363)
			at
			org.apache.maven.surefire.junit4.JUnit4Provider.execute(JUnit4Provider.java:252)
			at
			org.apache.maven.surefire.junit4.JUnit4Provider.executeTestSet(JUnit4Provider.java:141)
			at
			org.apache.maven.surefire.junit4.JUnit4Provider.invoke(JUnit4Provider.java:112)
			at sun.reflect.NativeMethodAccessorImpl.invoke0(Native Method)
			at
			sun.reflect.NativeMethodAccessorImpl.invoke(NativeMethodAccessorImpl.java:62)
			at
			sun.reflect.DelegatingMethodAccessorImpl.invoke(DelegatingMethodAccessorImpl.java:43)
			at java.lang.reflect.Method.invoke(Method.java:498)
			at
			org.apache.maven.surefire.util.ReflectionUtils.invokeMethodWithArray(ReflectionUtils.java:189)
			at
			org.apache.maven.surefire.booter.ProviderFactory$ProviderProxy.invoke(ProviderFactory.java:165)
			at
			org.apache.maven.surefire.booter.ProviderFactory.invokeProvider(ProviderFactory.java:85)
			at
			org.apache.maven.surefire.booter.ForkedBooter.runSuitesInProcess(ForkedBooter.java:115)
			at
			org.apache.maven.surefire.booter.ForkedBooter.main(ForkedBooter.java:75)
		</error>
	</testcase>
	<testcase classname="lesson11.SqlGroupDaoTest" name="deleteGroupTest"
		time="0.001">
		<error type="dao.DAOException">dao.DAOException
			at sql.SqlGroupDao.&lt;init&gt;(SqlGroupDao.java:43)
			at lesson11.SqlGroupDaoTest.setUp(SqlGroupDaoTest.java:20)
			at sun.reflect.NativeMethodAccessorImpl.invoke0(Native Method)
			at
			sun.reflect.NativeMethodAccessorImpl.invoke(NativeMethodAccessorImpl.java:62)
			at
			sun.reflect.DelegatingMethodAccessorImpl.invoke(DelegatingMethodAccessorImpl.java:43)
			at java.lang.reflect.Method.invoke(Method.java:498)
			at
			org.junit.runners.model.FrameworkMethod$1.runReflectiveCall(FrameworkMethod.java:50)
			at
			org.junit.internal.runners.model.ReflectiveCallable.run(ReflectiveCallable.java:12)
			at
			org.junit.runners.model.FrameworkMethod.invokeExplosively(FrameworkMethod.java:47)
			at
			org.junit.internal.runners.statements.RunBefores.evaluate(RunBefores.java:24)
			at
			org.junit.internal.runners.statements.RunAfters.evaluate(RunAfters.java:27)
			at org.junit.runners.ParentRunner.runLeaf(ParentRunner.java:325)
			at
			org.junit.runners.BlockJUnit4ClassRunner.runChild(BlockJUnit4ClassRunner.java:78)
			at
			org.junit.runners.BlockJUnit4ClassRunner.runChild(BlockJUnit4ClassRunner.java:57)
			at org.junit.runners.ParentRunner$3.run(ParentRunner.java:290)
			at org.junit.runners.ParentRunner$1.schedule(ParentRunner.java:71)
			at org.junit.runners.ParentRunner.runChildren(ParentRunner.java:288)
			at org.junit.runners.ParentRunner.access$000(ParentRunner.java:58)
			at org.junit.runners.ParentRunner$2.evaluate(ParentRunner.java:268)
			at org.junit.runners.ParentRunner.run(ParentRunner.java:363)
			at
			org.apache.maven.surefire.junit4.JUnit4Provider.execute(JUnit4Provider.java:252)
			at
			org.apache.maven.surefire.junit4.JUnit4Provider.executeTestSet(JUnit4Provider.java:141)
			at
			org.apache.maven.surefire.junit4.JUnit4Provider.invoke(JUnit4Provider.java:112)
			at sun.reflect.NativeMethodAccessorImpl.invoke0(Native Method)
			at
			sun.reflect.NativeMethodAccessorImpl.invoke(NativeMethodAccessorImpl.java:62)
			at
			sun.reflect.DelegatingMethodAccessorImpl.invoke(DelegatingMethodAccessorImpl.java:43)
			at java.lang.reflect.Method.invoke(Method.java:498)
			at
			org.apache.maven.surefire.util.ReflectionUtils.invokeMethodWithArray(ReflectionUtils.java:189)
			at
			org.apache.maven.surefire.booter.ProviderFactory$ProviderProxy.invoke(ProviderFactory.java:165)
			at
			org.apache.maven.surefire.booter.ProviderFactory.invokeProvider(ProviderFactory.java:85)
			at
			org.apache.maven.surefire.booter.ForkedBooter.runSuitesInProcess(ForkedBooter.java:115)
			at
			org.apache.maven.surefire.booter.ForkedBooter.main(ForkedBooter.java:75)
		</error>
	</testcase>
	<testcase classname="lesson11.SqlGroupDaoTest" name="deleteGroupTest"
		time="0.003">
		<error type="java.lang.NullPointerException">java.lang.NullPointerException
			at lesson11.SqlGroupDaoTest.tearDown(SqlGroupDaoTest.java:25)
			at sun.reflect.NativeMethodAccessorImpl.invoke0(Native Method)
			at
			sun.reflect.NativeMethodAccessorImpl.invoke(NativeMethodAccessorImpl.java:62)
			at
			sun.reflect.DelegatingMethodAccessorImpl.invoke(DelegatingMethodAccessorImpl.java:43)
			at java.lang.reflect.Method.invoke(Method.java:498)
			at
			org.junit.runners.model.FrameworkMethod$1.runReflectiveCall(FrameworkMethod.java:50)
			at
			org.junit.internal.runners.model.ReflectiveCallable.run(ReflectiveCallable.java:12)
			at
			org.junit.runners.model.FrameworkMethod.invokeExplosively(FrameworkMethod.java:47)
			at
			org.junit.internal.runners.statements.RunAfters.evaluate(RunAfters.java:33)
			at org.junit.runners.ParentRunner.runLeaf(ParentRunner.java:325)
			at
			org.junit.runners.BlockJUnit4ClassRunner.runChild(BlockJUnit4ClassRunner.java:78)
			at
			org.junit.runners.BlockJUnit4ClassRunner.runChild(BlockJUnit4ClassRunner.java:57)
			at org.junit.runners.ParentRunner$3.run(ParentRunner.java:290)
			at org.junit.runners.ParentRunner$1.schedule(ParentRunner.java:71)
			at org.junit.runners.ParentRunner.runChildren(ParentRunner.java:288)
			at org.junit.runners.ParentRunner.access$000(ParentRunner.java:58)
			at org.junit.runners.ParentRunner$2.evaluate(ParentRunner.java:268)
			at org.junit.runners.ParentRunner.run(ParentRunner.java:363)
			at
			org.apache.maven.surefire.junit4.JUnit4Provider.execute(JUnit4Provider.java:252)
			at
			org.apache.maven.surefire.junit4.JUnit4Provider.executeTestSet(JUnit4Provider.java:141)
			at
			org.apache.maven.surefire.junit4.JUnit4Provider.invoke(JUnit4Provider.java:112)
			at sun.reflect.NativeMethodAccessorImpl.invoke0(Native Method)
			at
			sun.reflect.NativeMethodAccessorImpl.invoke(NativeMethodAccessorImpl.java:62)
			at
			sun.reflect.DelegatingMethodAccessorImpl.invoke(DelegatingMethodAccessorImpl.java:43)
			at java.lang.reflect.Method.invoke(Method.java:498)
			at
			org.apache.maven.surefire.util.ReflectionUtils.invokeMethodWithArray(ReflectionUtils.java:189)
			at
			org.apache.maven.surefire.booter.ProviderFactory$ProviderProxy.invoke(ProviderFactory.java:165)
			at
			org.apache.maven.surefire.booter.ProviderFactory.invokeProvider(ProviderFactory.java:85)
			at
			org.apache.maven.surefire.booter.ForkedBooter.runSuitesInProcess(ForkedBooter.java:115)
			at
			org.apache.maven.surefire.booter.ForkedBooter.main(ForkedBooter.java:75)
		</error>
	</testcase>
	<testcase classname="lesson11.SqlGroupDaoTest" name="updateGroupTest"
		time="0.003">
		<error type="dao.DAOException">dao.DAOException
			at sql.SqlGroupDao.&lt;init&gt;(SqlGroupDao.java:43)
			at lesson11.SqlGroupDaoTest.setUp(SqlGroupDaoTest.java:20)
			at sun.reflect.NativeMethodAccessorImpl.invoke0(Native Method)
			at
			sun.reflect.NativeMethodAccessorImpl.invoke(NativeMethodAccessorImpl.java:62)
			at
			sun.reflect.DelegatingMethodAccessorImpl.invoke(DelegatingMethodAccessorImpl.java:43)
			at java.lang.reflect.Method.invoke(Method.java:498)
			at
			org.junit.runners.model.FrameworkMethod$1.runReflectiveCall(FrameworkMethod.java:50)
			at
			org.junit.internal.runners.model.ReflectiveCallable.run(ReflectiveCallable.java:12)
			at
			org.junit.runners.model.FrameworkMethod.invokeExplosively(FrameworkMethod.java:47)
			at
			org.junit.internal.runners.statements.RunBefores.evaluate(RunBefores.java:24)
			at
			org.junit.internal.runners.statements.RunAfters.evaluate(RunAfters.java:27)
			at org.junit.runners.ParentRunner.runLeaf(ParentRunner.java:325)
			at
			org.junit.runners.BlockJUnit4ClassRunner.runChild(BlockJUnit4ClassRunner.java:78)
			at
			org.junit.runners.BlockJUnit4ClassRunner.runChild(BlockJUnit4ClassRunner.java:57)
			at org.junit.runners.ParentRunner$3.run(ParentRunner.java:290)
			at org.junit.runners.ParentRunner$1.schedule(ParentRunner.java:71)
			at org.junit.runners.ParentRunner.runChildren(ParentRunner.java:288)
			at org.junit.runners.ParentRunner.access$000(ParentRunner.java:58)
			at org.junit.runners.ParentRunner$2.evaluate(ParentRunner.java:268)
			at org.junit.runners.ParentRunner.run(ParentRunner.java:363)
			at
			org.apache.maven.surefire.junit4.JUnit4Provider.execute(JUnit4Provider.java:252)
			at
			org.apache.maven.surefire.junit4.JUnit4Provider.executeTestSet(JUnit4Provider.java:141)
			at
			org.apache.maven.surefire.junit4.JUnit4Provider.invoke(JUnit4Provider.java:112)
			at sun.reflect.NativeMethodAccessorImpl.invoke0(Native Method)
			at
			sun.reflect.NativeMethodAccessorImpl.invoke(NativeMethodAccessorImpl.java:62)
			at
			sun.reflect.DelegatingMethodAccessorImpl.invoke(DelegatingMethodAccessorImpl.java:43)
			at java.lang.reflect.Method.invoke(Method.java:498)
			at
			org.apache.maven.surefire.util.ReflectionUtils.invokeMethodWithArray(ReflectionUtils.java:189)
			at
			org.apache.maven.surefire.booter.ProviderFactory$ProviderProxy.invoke(ProviderFactory.java:165)
			at
			org.apache.maven.surefire.booter.ProviderFactory.invokeProvider(ProviderFactory.java:85)
			at
			org.apache.maven.surefire.booter.ForkedBooter.runSuitesInProcess(ForkedBooter.java:115)
			at
			org.apache.maven.surefire.booter.ForkedBooter.main(ForkedBooter.java:75)
		</error>
	</testcase>
	<testcase classname="lesson11.SqlGroupDaoTest" name="updateGroupTest"
		time="0.015">
		<error type="java.lang.NullPointerException">java.lang.NullPointerException
			at lesson11.SqlGroupDaoTest.tearDown(SqlGroupDaoTest.java:25)
			at sun.reflect.NativeMethodAccessorImpl.invoke0(Native Method)
			at
			sun.reflect.NativeMethodAccessorImpl.invoke(NativeMethodAccessorImpl.java:62)
			at
			sun.reflect.DelegatingMethodAccessorImpl.invoke(DelegatingMethodAccessorImpl.java:43)
			at java.lang.reflect.Method.invoke(Method.java:498)
			at
			org.junit.runners.model.FrameworkMethod$1.runReflectiveCall(FrameworkMethod.java:50)
			at
			org.junit.internal.runners.model.ReflectiveCallable.run(ReflectiveCallable.java:12)
			at
			org.junit.runners.model.FrameworkMethod.invokeExplosively(FrameworkMethod.java:47)
			at
			org.junit.internal.runners.statements.RunAfters.evaluate(RunAfters.java:33)
			at org.junit.runners.ParentRunner.runLeaf(ParentRunner.java:325)
			at
			org.junit.runners.BlockJUnit4ClassRunner.runChild(BlockJUnit4ClassRunner.java:78)
			at
			org.junit.runners.BlockJUnit4ClassRunner.runChild(BlockJUnit4ClassRunner.java:57)
			at org.junit.runners.ParentRunner$3.run(ParentRunner.java:290)
			at org.junit.runners.ParentRunner$1.schedule(ParentRunner.java:71)
			at org.junit.runners.ParentRunner.runChildren(ParentRunner.java:288)
			at org.junit.runners.ParentRunner.access$000(ParentRunner.java:58)
			at org.junit.runners.ParentRunner$2.evaluate(ParentRunner.java:268)
			at org.junit.runners.ParentRunner.run(ParentRunner.java:363)
			at
			org.apache.maven.surefire.junit4.JUnit4Provider.execute(JUnit4Provider.java:252)
			at
			org.apache.maven.surefire.junit4.JUnit4Provider.executeTestSet(JUnit4Provider.java:141)
			at
			org.apache.maven.surefire.junit4.JUnit4Provider.invoke(JUnit4Provider.java:112)
			at sun.reflect.NativeMethodAccessorImpl.invoke0(Native Method)
			at
			sun.reflect.NativeMethodAccessorImpl.invoke(NativeMethodAccessorImpl.java:62)
			at
			sun.reflect.DelegatingMethodAccessorImpl.invoke(DelegatingMethodAccessorImpl.java:43)
			at java.lang.reflect.Method.invoke(Method.java:498)
			at
			org.apache.maven.surefire.util.ReflectionUtils.invokeMethodWithArray(ReflectionUtils.java:189)
			at
			org.apache.maven.surefire.booter.ProviderFactory$ProviderProxy.invoke(ProviderFactory.java:165)
			at
			org.apache.maven.surefire.booter.ProviderFactory.invokeProvider(ProviderFactory.java:85)
			at
			org.apache.maven.surefire.booter.ForkedBooter.runSuitesInProcess(ForkedBooter.java:115)
			at
			org.apache.maven.surefire.booter.ForkedBooter.main(ForkedBooter.java:75)
		</error>
	</testcase>
	<testcase classname="lesson11.SqlGroupDaoTest" name="insertGroupTest"
		time="0">
		<error type="dao.DAOException">dao.DAOException
			at sql.SqlGroupDao.&lt;init&gt;(SqlGroupDao.java:43)
			at lesson11.SqlGroupDaoTest.setUp(SqlGroupDaoTest.java:20)
			at sun.reflect.NativeMethodAccessorImpl.invoke0(Native Method)
			at
			sun.reflect.NativeMethodAccessorImpl.invoke(NativeMethodAccessorImpl.java:62)
			at
			sun.reflect.DelegatingMethodAccessorImpl.invoke(DelegatingMethodAccessorImpl.java:43)
			at java.lang.reflect.Method.invoke(Method.java:498)
			at
			org.junit.runners.model.FrameworkMethod$1.runReflectiveCall(FrameworkMethod.java:50)
			at
			org.junit.internal.runners.model.ReflectiveCallable.run(ReflectiveCallable.java:12)
			at
			org.junit.runners.model.FrameworkMethod.invokeExplosively(FrameworkMethod.java:47)
			at
			org.junit.internal.runners.statements.RunBefores.evaluate(RunBefores.java:24)
			at
			org.junit.internal.runners.statements.RunAfters.evaluate(RunAfters.java:27)
			at org.junit.runners.ParentRunner.runLeaf(ParentRunner.java:325)
			at
			org.junit.runners.BlockJUnit4ClassRunner.runChild(BlockJUnit4ClassRunner.java:78)
			at
			org.junit.runners.BlockJUnit4ClassRunner.runChild(BlockJUnit4ClassRunner.java:57)
			at org.junit.runners.ParentRunner$3.run(ParentRunner.java:290)
			at org.junit.runners.ParentRunner$1.schedule(ParentRunner.java:71)
			at org.junit.runners.ParentRunner.runChildren(ParentRunner.java:288)
			at org.junit.runners.ParentRunner.access$000(ParentRunner.java:58)
			at org.junit.runners.ParentRunner$2.evaluate(ParentRunner.java:268)
			at org.junit.runners.ParentRunner.run(ParentRunner.java:363)
			at
			org.apache.maven.surefire.junit4.JUnit4Provider.execute(JUnit4Provider.java:252)
			at
			org.apache.maven.surefire.junit4.JUnit4Provider.executeTestSet(JUnit4Provider.java:141)
			at
			org.apache.maven.surefire.junit4.JUnit4Provider.invoke(JUnit4Provider.java:112)
			at sun.reflect.NativeMethodAccessorImpl.invoke0(Native Method)
			at
			sun.reflect.NativeMethodAccessorImpl.invoke(NativeMethodAccessorImpl.java:62)
			at
			sun.reflect.DelegatingMethodAccessorImpl.invoke(DelegatingMethodAccessorImpl.java:43)
			at java.lang.reflect.Method.invoke(Method.java:498)
			at
			org.apache.maven.surefire.util.ReflectionUtils.invokeMethodWithArray(ReflectionUtils.java:189)
			at
			org.apache.maven.surefire.booter.ProviderFactory$ProviderProxy.invoke(ProviderFactory.java:165)
			at
			org.apache.maven.surefire.booter.ProviderFactory.invokeProvider(ProviderFactory.java:85)
			at
			org.apache.maven.surefire.booter.ForkedBooter.runSuitesInProcess(ForkedBooter.java:115)
			at
			org.apache.maven.surefire.booter.ForkedBooter.main(ForkedBooter.java:75)
		</error>
	</testcase>
	<testcase classname="lesson11.SqlGroupDaoTest" name="insertGroupTest"
		time="0.001">
		<error type="java.lang.NullPointerException">java.lang.NullPointerException
			at lesson11.SqlGroupDaoTest.tearDown(SqlGroupDaoTest.java:25)
			at sun.reflect.NativeMethodAccessorImpl.invoke0(Native Method)
			at
			sun.reflect.NativeMethodAccessorImpl.invoke(NativeMethodAccessorImpl.java:62)
			at
			sun.reflect.DelegatingMethodAccessorImpl.invoke(DelegatingMethodAccessorImpl.java:43)
			at java.lang.reflect.Method.invoke(Method.java:498)
			at
			org.junit.runners.model.FrameworkMethod$1.runReflectiveCall(FrameworkMethod.java:50)
			at
			org.junit.internal.runners.model.ReflectiveCallable.run(ReflectiveCallable.java:12)
			at
			org.junit.runners.model.FrameworkMethod.invokeExplosively(FrameworkMethod.java:47)
			at
			org.junit.internal.runners.statements.RunAfters.evaluate(RunAfters.java:33)
			at org.junit.runners.ParentRunner.runLeaf(ParentRunner.java:325)
			at
			org.junit.runners.BlockJUnit4ClassRunner.runChild(BlockJUnit4ClassRunner.java:78)
			at
			org.junit.runners.BlockJUnit4ClassRunner.runChild(BlockJUnit4ClassRunner.java:57)
			at org.junit.runners.ParentRunner$3.run(ParentRunner.java:290)
			at org.junit.runners.ParentRunner$1.schedule(ParentRunner.java:71)
			at org.junit.runners.ParentRunner.runChildren(ParentRunner.java:288)
			at org.junit.runners.ParentRunner.access$000(ParentRunner.java:58)
			at org.junit.runners.ParentRunner$2.evaluate(ParentRunner.java:268)
			at org.junit.runners.ParentRunner.run(ParentRunner.java:363)
			at
			org.apache.maven.surefire.junit4.JUnit4Provider.execute(JUnit4Provider.java:252)
			at
			org.apache.maven.surefire.junit4.JUnit4Provider.executeTestSet(JUnit4Provider.java:141)
			at
			org.apache.maven.surefire.junit4.JUnit4Provider.invoke(JUnit4Provider.java:112)
			at sun.reflect.NativeMethodAccessorImpl.invoke0(Native Method)
			at
			sun.reflect.NativeMethodAccessorImpl.invoke(NativeMethodAccessorImpl.java:62)
			at
			sun.reflect.DelegatingMethodAccessorImpl.invoke(DelegatingMethodAccessorImpl.java:43)
			at java.lang.reflect.Method.invoke(Method.java:498)
			at
			org.apache.maven.surefire.util.ReflectionUtils.invokeMethodWithArray(ReflectionUtils.java:189)
			at
			org.apache.maven.surefire.booter.ProviderFactory$ProviderProxy.invoke(ProviderFactory.java:165)
			at
			org.apache.maven.surefire.booter.ProviderFactory.invokeProvider(ProviderFactory.java:85)
			at
			org.apache.maven.surefire.booter.ForkedBooter.runSuitesInProcess(ForkedBooter.java:115)
			at
			org.apache.maven.surefire.booter.ForkedBooter.main(ForkedBooter.java:75)
		</error>
	</testcase>
	<testcase classname="lesson11.SqlGroupDaoTest" name="selectAllGroupsTest"
		time="0.005">
		<error type="dao.DAOException">dao.DAOException
			at sql.SqlGroupDao.&lt;init&gt;(SqlGroupDao.java:43)
			at lesson11.SqlGroupDaoTest.setUp(SqlGroupDaoTest.java:20)
			at sun.reflect.NativeMethodAccessorImpl.invoke0(Native Method)
			at
			sun.reflect.NativeMethodAccessorImpl.invoke(NativeMethodAccessorImpl.java:62)
			at
			sun.reflect.DelegatingMethodAccessorImpl.invoke(DelegatingMethodAccessorImpl.java:43)
			at java.lang.reflect.Method.invoke(Method.java:498)
			at
			org.junit.runners.model.FrameworkMethod$1.runReflectiveCall(FrameworkMethod.java:50)
			at
			org.junit.internal.runners.model.ReflectiveCallable.run(ReflectiveCallable.java:12)
			at
			org.junit.runners.model.FrameworkMethod.invokeExplosively(FrameworkMethod.java:47)
			at
			org.junit.internal.runners.statements.RunBefores.evaluate(RunBefores.java:24)
			at
			org.junit.internal.runners.statements.RunAfters.evaluate(RunAfters.java:27)
			at org.junit.runners.ParentRunner.runLeaf(ParentRunner.java:325)
			at
			org.junit.runners.BlockJUnit4ClassRunner.runChild(BlockJUnit4ClassRunner.java:78)
			at
			org.junit.runners.BlockJUnit4ClassRunner.runChild(BlockJUnit4ClassRunner.java:57)
			at org.junit.runners.ParentRunner$3.run(ParentRunner.java:290)
			at org.junit.runners.ParentRunner$1.schedule(ParentRunner.java:71)
			at org.junit.runners.ParentRunner.runChildren(ParentRunner.java:288)
			at org.junit.runners.ParentRunner.access$000(ParentRunner.java:58)
			at org.junit.runners.ParentRunner$2.evaluate(ParentRunner.java:268)
			at org.junit.runners.ParentRunner.run(ParentRunner.java:363)
			at
			org.apache.maven.surefire.junit4.JUnit4Provider.execute(JUnit4Provider.java:252)
			at
			org.apache.maven.surefire.junit4.JUnit4Provider.executeTestSet(JUnit4Provider.java:141)
			at
			org.apache.maven.surefire.junit4.JUnit4Provider.invoke(JUnit4Provider.java:112)
			at sun.reflect.NativeMethodAccessorImpl.invoke0(Native Method)
			at
			sun.reflect.NativeMethodAccessorImpl.invoke(NativeMethodAccessorImpl.java:62)
			at
			sun.reflect.DelegatingMethodAccessorImpl.invoke(DelegatingMethodAccessorImpl.java:43)
			at java.lang.reflect.Method.invoke(Method.java:498)
			at
			org.apache.maven.surefire.util.ReflectionUtils.invokeMethodWithArray(ReflectionUtils.java:189)
			at
			org.apache.maven.surefire.booter.ProviderFactory$ProviderProxy.invoke(ProviderFactory.java:165)
			at
			org.apache.maven.surefire.booter.ProviderFactory.invokeProvider(ProviderFactory.java:85)
			at
			org.apache.maven.surefire.booter.ForkedBooter.runSuitesInProcess(ForkedBooter.java:115)
			at
			org.apache.maven.surefire.booter.ForkedBooter.main(ForkedBooter.java:75)
		</error>
	</testcase>
	<testcase classname="lesson11.SqlGroupDaoTest" name="selectAllGroupsTest"
		time="0.005">
		<error type="java.lang.NullPointerException">java.lang.NullPointerException
			at lesson11.SqlGroupDaoTest.tearDown(SqlGroupDaoTest.java:25)
			at sun.reflect.NativeMethodAccessorImpl.invoke0(Native Method)
			at
			sun.reflect.NativeMethodAccessorImpl.invoke(NativeMethodAccessorImpl.java:62)
			at
			sun.reflect.DelegatingMethodAccessorImpl.invoke(DelegatingMethodAccessorImpl.java:43)
			at java.lang.reflect.Method.invoke(Method.java:498)
			at
			org.junit.runners.model.FrameworkMethod$1.runReflectiveCall(FrameworkMethod.java:50)
			at
			org.junit.internal.runners.model.ReflectiveCallable.run(ReflectiveCallable.java:12)
			at
			org.junit.runners.model.FrameworkMethod.invokeExplosively(FrameworkMethod.java:47)
			at
			org.junit.internal.runners.statements.RunAfters.evaluate(RunAfters.java:33)
			at org.junit.runners.ParentRunner.runLeaf(ParentRunner.java:325)
			at
			org.junit.runners.BlockJUnit4ClassRunner.runChild(BlockJUnit4ClassRunner.java:78)
			at
			org.junit.runners.BlockJUnit4ClassRunner.runChild(BlockJUnit4ClassRunner.java:57)
			at org.junit.runners.ParentRunner$3.run(ParentRunner.java:290)
			at org.junit.runners.ParentRunner$1.schedule(ParentRunner.java:71)
			at org.junit.runners.ParentRunner.runChildren(ParentRunner.java:288)
			at org.junit.runners.ParentRunner.access$000(ParentRunner.java:58)
			at org.junit.runners.ParentRunner$2.evaluate(ParentRunner.java:268)
			at org.junit.runners.ParentRunner.run(ParentRunner.java:363)
			at
			org.apache.maven.surefire.junit4.JUnit4Provider.execute(JUnit4Provider.java:252)
			at
			org.apache.maven.surefire.junit4.JUnit4Provider.executeTestSet(JUnit4Provider.java:141)
			at
			org.apache.maven.surefire.junit4.JUnit4Provider.invoke(JUnit4Provider.java:112)
			at sun.reflect.NativeMethodAccessorImpl.invoke0(Native Method)
			at
			sun.reflect.NativeMethodAccessorImpl.invoke(NativeMethodAccessorImpl.java:62)
			at
			sun.reflect.DelegatingMethodAccessorImpl.invoke(DelegatingMethodAccessorImpl.java:43)
			at java.lang.reflect.Method.invoke(Method.java:498)
			at
			org.apache.maven.surefire.util.ReflectionUtils.invokeMethodWithArray(ReflectionUtils.java:189)
			at
			org.apache.maven.surefire.booter.ProviderFactory$ProviderProxy.invoke(ProviderFactory.java:165)
			at
			org.apache.maven.surefire.booter.ProviderFactory.invokeProvider(ProviderFactory.java:85)
			at
			org.apache.maven.surefire.booter.ForkedBooter.runSuitesInProcess(ForkedBooter.java:115)
			at
			org.apache.maven.surefire.booter.ForkedBooter.main(ForkedBooter.java:75)
		</error>
	</testcase>
</testsuite>